[10Apr2025 09:47:14.679] [main/INFO] [cpw.mods.modlauncher.Launcher/MODLAUNCHER]: ModLauncher running: args [--username, Art_of_Arts, --version, 1.20.1, --gameDir, /home/arts/.local/share/PrismLauncher/instances/all of create/minecraft, --assetsDir, /home/arts/.local/share/PrismLauncher/assets, --assetIndex, 5, --uuid, 8f16c623a765463393ca3e30eaa597c5, --accessToken, ❄❄❄❄❄❄❄❄, --userType, msa, --versionType, release, --launchTarget, forgeclient, --fml.forgeVersion, 47.3.10, --fml.mcVersion, 1.20.1, --fml.forgeGroup, net.minecraftforge, --fml.mcpVersion, 20230612.114412, --width, 854, --height, 480]
[10Apr2025 09:47:14.684] [main/INFO] [cpw.mods.modlauncher.Launcher/MODLAUNCHER]: ModLauncher 10.0.9+10.0.9+main.dcd20f30 starting: java version 17.0.14 by Arch Linux; OS Linux arch amd64 version 6.12.21-1-lts
[10Apr2025 09:47:16.106] [main/INFO] [net.minecraftforge.fml.loading.ImmediateWindowHandler/]: Loading ImmediateWindowProvider fmlearlywindow
[10Apr2025 09:47:16.187] [main/INFO] [EARLYDISPLAY/]: Trying GL version 4.6
[10Apr2025 09:47:16.254] [main/INFO] [EARLYDISPLAY/]: Requested GL version 4.6 got version 4.6
[10Apr2025 09:47:16.285] [main/INFO] [mixin-transmog/]: Mixin Transmogrifier is definitely up to no good...
[10Apr2025 09:47:16.318] [main/INFO] [mixin-transmog/]: crimes against java were committed
[10Apr2025 09:47:16.329] [pool-2-thread-1/INFO] [EARLYDISPLAY/]: GL info: Mesa Intel(R) UHD Graphics (CML GT2) GL version 4.6 (Core Profile) Mesa 25.0.2-arch1.2, Intel
[10Apr2025 09:47:16.342] [main/INFO] [mixin-transmog/]: Original mixin transformation service successfully crobbed by mixin-transmogrifier!
[10Apr2025 09:47:16.370] [main/INFO] [CrashAssistantJarInJarHelper/]: Launching CrashAssistantApp
[10Apr2025 09:47:16.412] [main/INFO] [mixin/]: SpongePowered MIXIN Subsystem Version=0.8.5 Source=union:/home/arts/.local/share/PrismLauncher/instances/all%20of%20create/minecraft/mods/Connector-1.0.0-beta.46+1.20.1.jar%23434%23439!/ Service=ModLauncher Env=CLIENT
[10Apr2025 09:47:17.085] [CrashAssistantApp process logger/INFO] [dev.kostromdan.mods.crash_assistant.loading_utils.ChildProcessLogger/]: [2025-04-10 09:47:17.041] [INFO] [CrashAssistantApp]: CrashAssistantApp running: JVM args: [-XX:+UseSerialGC, -XX:MaxHeapFreeRatio=30, -XX:MinHeapFreeRatio=10, -XX:MaxGCPauseMillis=10000, -Xms8m, -Xmx512m]
[10Apr2025 09:47:17.085] [CrashAssistantApp process logger/INFO] [dev.kostromdan.mods.crash_assistant.loading_utils.ChildProcessLogger/]: [2025-04-10 09:47:17.042] [INFO] [CrashAssistantApp]: CrashAssistantApp running: program args: [-parentPID, 6519, -platform, NEOFORGE, -log4jApi, /home/arts/.local/share/PrismLauncher/libraries/org/apache/logging/log4j/log4j-api/2.19.0/log4j-api-2.19.0.jar, -log4jCore, /home/arts/.local/share/PrismLauncher/libraries/org/apache/logging/log4j/log4j-core/2.19.0/log4j-core-2.19.0.jar, -googleGson, /home/arts/.local/share/PrismLauncher/libraries/com/google/code/gson/gson/2.10/gson-2.10.jar, -commonIo, /home/arts/.local/share/PrismLauncher/libraries/commons-io/commons-io/2.11.0/commons-io-2.11.0.jar]
[10Apr2025 09:47:17.086] [CrashAssistantApp process logger/INFO] [dev.kostromdan.mods.crash_assistant.loading_utils.ChildProcessLogger/]: [2025-04-10 09:47:17.043] [INFO] [CrashAssistantApp]: Parent PID: 6519
[10Apr2025 09:47:17.086] [CrashAssistantApp process logger/INFO] [dev.kostromdan.mods.crash_assistant.loading_utils.ChildProcessLogger/]: [2025-04-10 09:47:17.043] [INFO] [CrashAssistantApp]: Platform: NEOFORGE
[10Apr2025 09:47:17.086] [CrashAssistantApp process logger/INFO] [dev.kostromdan.mods.crash_assistant.loading_utils.ChildProcessLogger/]: [2025-04-10 09:47:17.058] [INFO] [CrashAssistantApp]: CrashAssistantApp started successfully. Waiting for PID 6519 to stop.
[10Apr2025 09:47:17.086] [CrashAssistantApp process logger/INFO] [dev.kostromdan.mods.crash_assistant.loading_utils.ChildProcessLogger/]: CrashAssistantApp started successfully. Stopping child process loggers.
[10Apr2025 09:47:17.369] [main/WARN] [net.minecraftforge.fml.loading.moddiscovery.ModFileParser/LOADING]: Mod file /home/arts/.local/share/PrismLauncher/libraries/net/minecraftforge/fmlcore/1.20.1-47.3.10/fmlcore-1.20.1-47.3.10.jar is missing mods.toml file
[10Apr2025 09:47:17.370] [main/WARN] [net.minecraftforge.fml.loading.moddiscovery.ModFileParser/LOADING]: Mod file /home/arts/.local/share/PrismLauncher/libraries/net/minecraftforge/javafmllanguage/1.20.1-47.3.10/javafmllanguage-1.20.1-47.3.10.jar is missing mods.toml file
[10Apr2025 09:47:17.371] [main/WARN] [net.minecraftforge.fml.loading.moddiscovery.ModFileParser/LOADING]: Mod file /home/arts/.local/share/PrismLauncher/libraries/net/minecraftforge/lowcodelanguage/1.20.1-47.3.10/lowcodelanguage-1.20.1-47.3.10.jar is missing mods.toml file
[10Apr2025 09:47:17.373] [main/WARN] [net.minecraftforge.fml.loading.moddiscovery.ModFileParser/LOADING]: Mod file /home/arts/.local/share/PrismLauncher/libraries/net/minecraftforge/mclanguage/1.20.1-47.3.10/mclanguage-1.20.1-47.3.10.jar is missing mods.toml file
[10Apr2025 09:47:18.260] [main/WARN] [net.minecraftforge.jarjar.selection.JarSelector/]: Attempted to select two dependency jars from JarJar which have the same identification: Mod File:  and Mod File: . Using Mod File: 
[10Apr2025 09:47:18.262] [main/WARN] [net.minecraftforge.jarjar.selection.JarSelector/]: Attempted to select a dependency jar for JarJar which was passed in as source: architectury. Using Mod File: /home/arts/.local/share/PrismLauncher/instances/all of create/minecraft/mods/architectury-9.2.14-forge.jar
[10Apr2025 09:47:18.262] [main/INFO] [net.minecraftforge.fml.loading.moddiscovery.JarInJarDependencyLocator/]: Found 103 dependencies adding them to mods collection
[10Apr2025 09:47:19.870] [main/INFO] [org.sinytra.connector.locator.DependencyResolver/]: Dependency resolution found 3 candidates to load
[10Apr2025 09:47:21.177] [main/INFO] [Configured Defaults/]: Applying default files...
[10Apr2025 09:47:21.775] [main/INFO] [org.sinytra.connector.service.hacks.ModuleLayerMigrator/]: Successfully made module authlib transformable
[10Apr2025 09:47:27.545] [main/INFO] [mixin/]: Compatibility level set to JAVA_17
[10Apr2025 09:47:28.781] [main/INFO] [cpw.mods.modlauncher.LaunchServiceHandler/MODLAUNCHER]: Launching target 'forgeclient' with arguments [--version, 1.20.1, --gameDir, /home/arts/.local/share/PrismLauncher/instances/all of create/minecraft, --assetsDir, /home/arts/.local/share/PrismLauncher/assets, --uuid, 8f16c623a765463393ca3e30eaa597c5, --username, Art_of_Arts, --assetIndex, 5, --accessToken, ❄❄❄❄❄❄❄❄, --userType, msa, --versionType, release, --width, 854, --height, 480]
[10Apr2025 09:47:28.973] [main/INFO] [ModernFix/]: Loaded configuration file for ModernFix 5.20.2+mc1.20.1: 87 options available, 1 override(s) found
[10Apr2025 09:47:28.975] [main/WARN] [ModernFix/]: Option 'mixin.feature.warn_missing_perf_mods' overriden (by user configuration) to 'false'
[10Apr2025 09:47:28.976] [main/INFO] [ModernFix/]: Applying Nashorn fix
[10Apr2025 09:47:28.993] [main/INFO] [ModernFix/]: Applied Forge config corruption patch
[10Apr2025 09:47:29.115] [main/WARN] [mixin/]: Reference map 'handcrafted-forge-1.20.1-forge-refmap.json' for handcrafted.mixins.json could not be read. If this is a development environment you can ignore this message
[10Apr2025 09:47:29.232] [main/WARN] [mixin/]: Reference map 'EpheroLib-refmap.json' for epherolib.mixins.json could not be read. If this is a development environment you can ignore this message
[10Apr2025 09:47:29.236] [main/WARN] [mixin/]: Reference map 'tfmg.refmap.json' for design_decor.mixins.json could not be read. If this is a development environment you can ignore this message
[10Apr2025 09:47:29.317] [main/WARN] [mixin/]: Reference map 'AxesAreWeapons-forge-refmap.json' for axesareweapons.forge.mixins.json could not be read. If this is a development environment you can ignore this message
[10Apr2025 09:47:29.644] [main/WARN] [mixin/]: Reference map 'xlpackets.refmap.json' for xlpackets.mixins.json could not be read. If this is a development environment you can ignore this message
[10Apr2025 09:47:29.689] [main/WARN] [mixin/]: Reference map 'bigcontraptions-forge-refmap.json' for bigcontraptions.mixins.json could not be read. If this is a development environment you can ignore this message
[10Apr2025 09:47:29.790] [main/WARN] [mixin/]: Reference map 'steampowered.refmap.json' for steampowered.mixins.json could not be read. If this is a development environment you can ignore this message
[10Apr2025 09:47:29.809] [main/INFO] [Xenon/]: Loaded configuration file for Xenon: 414 options available, 3 override(s) found
[10Apr2025 09:47:29.811] [main/INFO] [Xenon-GraphicsAdapterProbe/]: Searching for graphics cards...
[10Apr2025 09:47:29.847] [main/INFO] [Xenon-GraphicsAdapterProbe/]: Found graphics card: GraphicsAdapterInfo[vendor=INTEL, name=CometLake-U GT2 [UHD Graphics], version=unknown]
[10Apr2025 09:47:29.851] [main/WARN] [Xenon-Workarounds/]: Embeddium has applied one or more workarounds to prevent crashes or other issues on your system: [NO_ERROR_CONTEXT_UNSUPPORTED]
[10Apr2025 09:47:29.851] [main/WARN] [Xenon-Workarounds/]: This is not necessarily an issue, but it may result in certain features or optimizations being disabled. You can sometimes fix these issues by upgrading your graphics driver.
[10Apr2025 09:47:29.951] [main/WARN] [mixin/]: Reference map 'createdeco-forge-refmap.json' for createdeco.mixins.json could not be read. If this is a development environment you can ignore this message
[10Apr2025 09:47:30.107] [main/WARN] [mixin/]: Reference map 'create_questing.refmap.json' for create_questing.mixins.json could not be read. If this is a development environment you can ignore this message
[10Apr2025 09:47:30.183] [main/WARN] [mixin/]: Reference map 'puzzlesaccessapi.common.refmap.json' for puzzlesaccessapi.common.mixins.json could not be read. If this is a development environment you can ignore this message
[10Apr2025 09:47:30.318] [main/INFO] [Puzzles Lib/]: Loading 358 mods:
	- abnormals_delight 5.0.0
	- additional_attributes 1.3.4
	- additional_enchantments 1.2.1
	- additional_recipes 1.0.0
	- alexscaves 2.0.2
	- alexsdelight 1.5
	- alexsmobs 1.22.9
	- alternate_current 1.7.0
	- amendments 1.20-1.2.16
	- animatica 1.20.1-0.1.3
	- apotheosis 7.4.6
	- apotheosis_ascended 1.20.1-1.6.0
	- apothiccombat 1.1.0
	- appleskin 2.5.1+mc1.20.1
	- architectury 9.2.14
	- armourers_workshop 3.2.0-beta
	- atmospheric 6.1.0
	- attributeslib 1.3.7
	- attributizer 2.1
	- autoleveling 1.19b
	- autumnity 5.0.2
	- axesareweapons 1.7.3
	- balm 7.3.20
		\-- kuma_api 20.1.8
	- bcc 4.0.8
	- bclib 3.0.14
	- bellsandwhistles 0.4.3-1.20.x
	- bettercombat 1.8.6+1.20.1
	- betterdungeons 1.20-Forge-4.0.4
	- betterend 4.0.11
	- betterendisland 1.20-Forge-2.0.6
	- betterfortresses 1.20-Forge-2.0.6
	- bettermineshafts 1.20-Forge-4.0.4
	- betteroceanmonuments 1.20-Forge-3.0.4
	- bettertridents 8.0.1
	- bhmenu 2.4.2
	- bigcontraptions 1.0
	- biomemusic 1.20.1-3.4
	- biomeswevegone 1.5.8
	- blueprint 7.1.2
	- boatload 5.0.1
	- bobberdetector 0.1.9.1.20.1
	- bookshelf 20.2.13
	- botarium 2.3.4
	- buzzier_bees 6.0.1
	- caelus 3.2.0+1.20.1
	- cataclysm 2.61
	- cataclysm_ut 1.63.0
	- caverns_and_chasms 2.0.0
	- cbc_nukes 2.1.0
	- cbcmodernwarfare 0.0.6c+mc.1.20.1-forge
		\-- ritchiesprojectilelib 2.0.0-dev+mc.1.20.1-forge-build.182
	- cbcmoreshells 0.0.16-1.20.1
	- cfwinfo 1.2.0
	- chat_heads 0.13.13
	- chefsdelight 1.0.3-forge-1.20.1
	- chimes 2.0.1
	- citadel 2.6.1
	- clientcrafting 1.20.1-1.8
	- cloth_config 11.1.136
	- clumps 12.0.0.4
	- collective 8.1
	- comforts 6.4.0+1.20.1
	- connectivity 1.20.1-7.1
	- connectorextras 1.11.2+1.20.1
		|-- amecsapi 1.5.3+mc1.20-pre1
		|-- connectorextras_architectury_bridge 1.11.2+1.20.1
		|-- connectorextras_emi_bridge 1.11.2+1.20.1
		|-- connectorextras_energy_bridge 1.11.2+1.20.1
		|-- connectorextras_geckolib_fabric_compat 1.11.2+1.20.1
		|-- connectorextras_jei_bridge 1.11.2+1.20.1
		|-- connectorextras_kubejs_bridge 1.11.2+1.20.1
		|-- connectorextras_modmenu_bridge 1.11.2+1.20.1
			\-- modmenu 7.2.2
		|-- connectorextras_pehkui_bridge 1.11.2+1.20.1
		|-- connectorextras_rei_bridge 1.11.2+1.20.1
		|-- connectorextras_terrablender_bridge 1.11.2+1.20.1
		|-- forgeconfigapiport 8.0.0
		\-- reach_entity_attributes 2.4.0
	- connectormod 1.0.0-beta.46+1.20.1
	- copycats 2.2.0+mc.1.20.1-forge
	- corgilib 4.0.3.3
	- coroutil 1.20.1-1.3.7
	- corpse 1.20.1-1.0.20
	- cosmeticarmorreworked 1.20.1-v1a
	- crash_assistant 1.2.18
	- crashexploitfixer 1.1.0
	- craterlib 2.1.3
	- create 0.5.1.j
		\-- flywheel 0.6.11-13
	- create_aquatic_ambitions 1.20.1-0.0.1
	- create_bic_bit 0.0.86
	- create_bnz 1.0a.Release
	- create_buffers__beams_overhauled 1.0.0
	- create_central_kitchen 1.3.12
		\-- create_dragon_lib 1.4.3
	- create_compressed 1.0.1
	- create_confectionery 1.1.0
	- create_connected 0.9.4-mc1.20.1
	- create_crush_everything 1.0.2
	- create_dd 0.1b.Release-Early-Dev
	- create_deepfried 0.1.1
	- create_enchantment_industry 1.2.9.d
	- create_factory 0.4b-1.20.1
	- create_kart 2.0.0
	- create_logistics 1.0.0
	- create_mechanical_chicken 1.20.1-1.1.2.j-55
	- create_mob_spawners 1.6.0
	- create_new_age 1.1.2
	- create_nj 1.1.6
	- create_optical 0.2.2
	- create_pattern_schematics 1.1.19+forge-1.20.1
	- create_questing 1.0.0
	- create_sa 2.0.8
	- create_sabers 1.3.0
	- create_tank_defenses 0.80
	- create_things_and_misc 1.0.0
	- create_train_additions 0.3.1.1.19.2
	- create_tweaked_controllers 1.20.1-1.2.4
	- create_ultimate_factory 1.9.0
	- create_winery 1.2.0
	- create_wt 1.0.7
	- createaddition 1.20.1-1.2.5
	- createbigcannons 5.8.2
	- createcafe 1.2.4-1.20.1
	- createcasing 1.20.1-1.6.2-fix1
	- createdeco 2.0.2-1.20.1-forge
	- createdieselgenerators 1.20.1-1.2i
	- createfood 1.1.8-forge
	- createframed 1.5.5
	- creategoggles 0.5.6
	- createliquidfuel 2.1.1-1.20.1
	- createmetallurgy 0.0.6-1.20.1
	- createoreexcavation 1.5.1
	- createrailwaysnavigator 1.20.1-beta-0.7.2
		\-- dragonlib 1.20.1-2.2.24
	- createstuffadditionsfix 0.0.0.1
	- createsweetsandtreets 1.0.0
	- createteleporters 2.2
	- createutilities 0.3.0+1.20.1
	- crystal_clear 2.1-Beta
	- cupboard 1.20.1-2.7
	- curios 5.12.1+1.20.1
	- curiotiab 1.20.1-2.0.2
	- cutthrough 8.0.2
	- delightful 3.7.1
	- design_decor 0.4.0b
	- despawn_tweaker 1.20.1-1.0.0
	- drippyloadingscreen 3.0.11
	- dsbg 1.0-1.20.1
	- dummmmmmy 1.20-2.0.6
	- dynamiclights 1.20.1.2
	- dynamictrim 1.4.1
		\-- mixinextras 0.2.0
	- dynamicvillage 0.4
	- easy_piglins 1.20.1-1.1.0
	- easy_villagers 1.20.1-1.1.24
	- easyanvils 8.0.2
	- easymagic 8.0.1
	- enchantinginfuser 8.0.3
	- enchantmentlevelcapindicator 1.1
	- enchdesc 17.1.19
	- entity_model_features 2.4.1
	- entity_texture_features 6.2.9
	- environmental 4.0.1
	- epherolib 0.1.2
	- estrogen 4.3.2+1.20.1-forge
		|-- baubly 1.0.1
		|-- critter_lib 0.1-beta.14
		\-- jukeboxfix 1.0.1
	- everycomp 1.20-2.7.15
	- explorerscompass 1.20.1-1.3.3-forge
	- extendedgears 2.1.2-1.20.1-forge
	- fabric_api 0.92.2+1.11.12+1.20.1
		|-- fabric_api_base 0.4.31+ef105b4977
		|-- fabric_api_lookup_api_v1 1.6.36+67f9824077
		|-- fabric_biome_api_v1 13.0.13+dc36698e77
		|-- fabric_block_api_v1 1.0.11+0e6cb7f777
		|-- fabric_block_view_api_v2 1.0.1+0767707077
		|-- fabric_blockrenderlayer_v1 1.1.41+1d0da21e77
		|-- fabric_client_tags_api_v1 1.1.2+5d6761b877
		|-- fabric_command_api_v1 1.2.34+f71b366f77
		|-- fabric_command_api_v2 2.2.13+561530ec77
		|-- fabric_content_registries_v0 4.0.11+a670df1e77
		|-- fabric_convention_tags_v1 1.5.5+fa3d1c0177
		|-- fabric_data_attachment_api_v1 1.0.0+30ef839e77
		|-- fabric_data_generation_api_v1 12.3.4+369cb3a477
		|-- fabric_dimensions_v1 2.1.54+8005d10d77
		|-- fabric_entity_events_v1 1.6.0+4ca7515277
		|-- fabric_events_interaction_v0 0.6.2+0d0bd5a777
		|-- fabric_game_rule_api_v1 1.0.40+683d4da877
		|-- fabric_item_api_v1 2.1.28+4d0bbcfa77
		|-- fabric_item_group_api_v1 4.0.12+c9161c2d77
		|-- fabric_key_binding_api_v1 1.0.37+561530ec77
		|-- fabric_lifecycle_events_v1 2.2.22+afab492177
		|-- fabric_loot_api_v2 1.2.1+eb28f93e77
		|-- fabric_message_api_v1 5.1.9+52cc178c77
		|-- fabric_mining_level_api_v1 2.1.50+561530ec77
		|-- fabric_model_loading_api_v1 1.0.3+6274ab9d77
		|-- fabric_models_v0 0.4.2+7c3892a477
		|-- fabric_networking_api_v1 1.3.11+503a202477
		|-- fabric_object_builder_api_v1 11.1.3+4bd998fa77
		|-- fabric_particles_v1 1.1.2+78e1ecb877
		|-- fabric_recipe_api_v1 1.0.21+514a076577
		|-- fabric_registry_sync_v0 2.3.3+1c0ea72177
		|-- fabric_renderer_api_v1 3.2.1+cf68abbe77
		|-- fabric_renderer_indigo 1.5.2+b5b2da4177
		|-- fabric_rendering_data_attachment_v1 0.3.37+a6081afc77
		|-- fabric_rendering_fluids_v1 3.0.28+4ac5e37a77
		|-- fabric_rendering_v1 3.0.8+66e9a48f77
		|-- fabric_resource_conditions_api_v1 2.3.8+9e342fc177
		|-- fabric_resource_loader_v0 0.11.10+bcd08ed377
		|-- fabric_screen_api_v1 2.0.8+45a670a577
		|-- fabric_screen_handler_api_v1 1.3.30+561530ec77
		|-- fabric_sound_api_v1 1.0.13+4f23bd8477
		|-- fabric_transfer_api_v1 3.3.5+631c9cd677
		\-- fabric_transitive_access_wideners_v1 4.3.1+1880499877
	- fancymenu 3.4.0
	- farmers_structures 1.0.0
	- farmersdelight 1.20.1-1.2.7
	- farsight_view 1.20.1-3.7
	- fastbench 8.0.4
	- fastfurnace 8.0.2
	- ferritecore 6.0.1
	- forge 47.3.10
	- framework 0.7.12
	- ftblibrary 2001.2.9
	- ftbquests 2001.4.12
	- ftbteams 2001.3.1
	- ftbxmodcompat 2.1.2
	- fusion 1.2.5
	- fzzy_config 0.6.6+1.20.1+forge
	- gallery 1.0.3
	- garnished 2.0.7
	- geckolib 4.7.1.1
	- gourmet 0.1.1b-1.20.1
	- gpumemleakfix 1.20.1-1.8
	- handcrafted 3.0.6
	- highlighter 1.1.9
	- iceberg 1.1.25
	- idas 1.10.3+1.20.1
	- immediatelyfast 1.5.0+1.20.4
	- immersive_aircraft 1.1.8+1.20.1
	- incubation 4.0.4
	- integrated_api 1.5.1+1.20.1-forge
	- integrated_stronghold 1.1.2+1.20.1-forge
	- integrated_villages 1.1.5+1.20.1-forge
	- interiors 0.5.6
	- irons_spellbooks 1.20.1-3.4.0.8
	- item_obliterator 2.3.0
	- jade 11.12.3+forge
	- jei 15.20.0.106
	- jeresources 1.4.0.247
	- justenoughbreeding 1.5.0
	- justenoughprofessions 3.0.1
	- justlevelingfork 1.2.1
	- kitchen_grow 0.1-1.20.1
	- konkrete 1.8.0
	- kotlinforforge 4.11.0
	- krypton 0.2.3
	- leavesbegone 8.0.0
	- lionfishapi 2.4-Fix
	- lootintegrations 1.20.1-4.2
	- lootintegrations_yungs 1
	- luna 1.0.0
	- mafglib 0.1.13-mc1.20.1
	- mahoutsukai 1.20.1-v1.34.78
	- medieval 1.7.2
		\-- mixinsquared 0.2.0-beta.6
	- melody 1.0.2
	- meme_sleep_sound 1.0.0
	- minecraft 1.20.1
	- mobhealthbar 2.3.0
	- modernfix 5.20.2+mc1.20.1
	- moonlight 1.20-2.13.58
	- moped 1.0.0
	- mousetweaks 2.25.1
	- naturescompass 1.20.1-1.11.2-forge
	- nebs 2.0.3
	- necronomicon 1.6.0
	- nerb 0.4.1
	- neruina 2.1.2
	- netherportalfix 13.0.1
	- nightconfigfixes 8.0.0
	- nochatreports 1.20.1-v2.2.2
	- nocubescreateexp 1.0.4
	- notenoughanimations 1.9.2
	- octolib 0.5.0.1
	- oculus 1.8.0
	- ohthetreesyoullgrow 1.20.1-1.3.7
	- opacpvp 1.0.0
	- openpartiesandclaims 0.24.0
	- otherworldapoth 0.3.0
	- overflowingbars 8.0.1
	- patchouli 1.20.1-84.1-FORGE
	- paxi 1.20-Forge-4.0
	- pehkui 3.8.2+1.20.1-forge
	- personality 4.1.0
	- petrolpark 1.3.4
	- petrolsparts 1.1.3
	- pickupnotifier 8.0.0
	- placebo 8.6.3
	- playeranimator 1.0.2-rc1+1.20
	- polymorph 0.49.3+1.20.1
		\-- spectrelib 0.13.15+1.20.1
	- potacore 0.2.8-universal
	- puzzleslib 8.1.29
		\-- puzzlesaccessapi 20.1.1
	- quark 4.0-461
	- railways 1.6.7+forge-mc1.20.1
	- recipeessentials 1.20.1-4.0
	- resourcefullib 2.1.29
	- resourcepackoverrides 8.0.3
	- savage_and_ravage 6.0.0
	- serverbrowser 1.0.0
	- shouldersurfing 1.20.1-4.10.4
	- simplerpc 3.3.3
	- skinlayers3d 1.7.4
	- sleepingoverhaul 2.0.2-Forge-1.20.1
	- sliceanddice 3.3.0
	- smarterfarmers 1.20-2.1.0
	- smoothchunk 1.20.1-4.1
	- sophisticatedbackpacks 3.23.6.1211
	- sophisticatedcore 1.2.23.902
	- sorted_enchantments 1.0.0+1.19
	- soulbound 1.0.0
	- steampowered 1.20.1-3.0.2
	- storagedelight 25.03.09-1.20-forge
	- structureessentials 1.20.1-4.5
	- supplementaries 1.20-3.1.13
	- taxfreelevels 1.4.8
	- terrablender 3.0.1.10
	- tfmg 0.9.3-1.20.1
	- tiab 4.0.4-mc1.20.1
	- tipsmod 12.1.8
	- tipsylib 4.0.0
	- toastcontrol 8.0.3
	- toms_storage 1.7.0
	- totemfactory 1.0
	- trading_floor 1.1.7+forge-1.20.1
	- tradingpost 8.0.2
	- trainperspectivefix 0.0NONE
	- traveloptics 4.4.0-1.20.1
	- universalenchants 8.0.0
	- upgrade_aquatic 6.0.2
	- vintageimprovements 1.20.1-0.2.0.3
	- visualworkbench 8.0.0
	- watut 1.20.1-1.2.3
	- waystones 14.1.11
	- wunderlib 1.1.5
	- xaerominimap 25.2.0
	- xaeroworldmap 1.39.4
	- xenon 0.3.31
		|-- embeddium 0.3.31
		\-- rubidium 0.7.1
	- xlpackets 1.18.2-2.1
	- yet_another_config_lib_v3 3.6.6+1.20.1-forge
	- yungsapi 1.20-Forge-4.0.6
	- yungscavebiomes 1.20.1-Forge-2.0.4
	- zeta 1.0-28
	- zume 1.1.4
[10Apr2025 09:47:30.452] [main/WARN] [mixin/]: Reference map 'createframed.refmap.json' for createframed.mixins.json could not be read. If this is a development environment you can ignore this message
[10Apr2025 09:47:30.475] [main/WARN] [mixin/]: Reference map 'CreateLiquidFuel.refmap.json' for createliquidfuel.mixins.json could not be read. If this is a development environment you can ignore this message
[10Apr2025 09:47:30.493] [main/WARN] [mixin/]: Reference map 'dynamictrim-forge-refmap.json' for dynamictrim.mixins.json could not be read. If this is a development environment you can ignore this message
[10Apr2025 09:47:30.546] [main/WARN] [mixin/]: Reference map 'create_mechanical_chicken.refmap.json' for create_mechanical_chicken.mixins.json could not be read. If this is a development environment you can ignore this message
[10Apr2025 09:47:30.635] [main/WARN] [mixin/]: Reference map 'abnormals_delight.refmap.json' for abnormals_delight.mixins.json could not be read. If this is a development environment you can ignore this message
[10Apr2025 09:47:30.661] [main/WARN] [mixin/]: Reference map 'incubation.refmap.json' for incubation.mixins.json could not be read. If this is a development environment you can ignore this message
[10Apr2025 09:47:30.679] [main/WARN] [mixin/]: Reference map 'tfmg.refmap.json' for tfmg.mixins.json could not be read. If this is a development environment you can ignore this message
[10Apr2025 09:47:30.782] [main/WARN] [mixin/]: Reference map 'coroutil.refmap.json' for coroutil.mixins.json could not be read. If this is a development environment you can ignore this message
[10Apr2025 09:47:30.812] [main/WARN] [mixin/]: Reference map 'Create_The_Kitchen_Must_Grow.refmap.json' for kitchen_grow.mixins.json could not be read. If this is a development environment you can ignore this message
[10Apr2025 09:47:30.819] [main/WARN] [mixin/]: Reference map 'trainperspectivefix.refmap.json' for trainperspectivefix.forge.mixins.json could not be read. If this is a development environment you can ignore this message
[10Apr2025 09:47:30.844] [main/WARN] [mixin/]: Reference map '' for adapter.init.mixins.json could not be read. If this is a development environment you can ignore this message
[10Apr2025 09:47:31.703] [main/INFO] [net.minecraftforge.coremod.CoreMod.placebo/COREMODLOG]: Patching IForgeItemStack#getEnchantmentLevel
[10Apr2025 09:47:31.714] [main/INFO] [net.minecraftforge.coremod.CoreMod.placebo/COREMODLOG]: Patching IForgeItemStack#getEnchantmentLevel
[10Apr2025 09:47:32.312] [main/INFO] [net.minecraftforge.coremod.CoreMod.apotheosis/COREMODLOG]: Replaced 2 calls to Enchantment#getMaxLevel() in net/minecraft/world/inventory/AnvilMenu
[10Apr2025 09:47:32.339] [main/INFO] [net.minecraftforge.coremod.CoreMod.placebo/COREMODLOG]: Patching IForgeItemStack#getEnchantmentLevel
[10Apr2025 09:47:32.340] [main/INFO] [net.minecraftforge.coremod.CoreMod.placebo/COREMODLOG]: Patching IForgeItemStack#getEnchantmentLevel
[10Apr2025 09:47:32.359] [main/WARN] [mixin/]: Error loading class: com/hollingsworth/arsnouveau/common/items/SpellCrossbow (java.lang.ClassNotFoundException: com.hollingsworth.arsnouveau.common.items.SpellCrossbow)
[10Apr2025 09:47:32.559] [main/WARN] [mixin/]: Error loading class: com/vicmatskiv/pointblank/item/GunItem (java.lang.ClassNotFoundException: com.vicmatskiv.pointblank.item.GunItem)
[10Apr2025 09:47:32.559] [main/WARN] [mixin/]: @Mixin target com.vicmatskiv.pointblank.item.GunItem was not found justlevelingfork.mixins.json:MixGunItem from mod justlevelingfork
[10Apr2025 09:47:32.640] [main/INFO] [net.minecraftforge.coremod.CoreMod.apotheosis/COREMODLOG]: Replaced 1 calls to Enchantment#getMaxLevel() in net/minecraft/world/entity/npc/VillagerTrades$EnchantBookForEmeralds
[10Apr2025 09:47:32.640] [main/INFO] [net.minecraftforge.coremod.CoreMod.apotheosis/COREMODLOG]: Replaced 1 calls to Enchantment#isTreasureOnly() in net/minecraft/world/entity/npc/VillagerTrades$EnchantBookForEmeralds
[10Apr2025 09:47:32.640] [main/INFO] [net.minecraftforge.coremod.CoreMod.apotheosis/COREMODLOG]: Replaced 1 calls to Enchantment#isTradeable() in net/minecraft/world/entity/npc/VillagerTrades$EnchantBookForEmeralds
[10Apr2025 09:47:32.969] [main/WARN] [mixin/]: Error loading class: com/mrcrayfish/guns/client/handler/RecoilHandler (java.lang.ClassNotFoundException: com.mrcrayfish.guns.client.handler.RecoilHandler)
[10Apr2025 09:47:32.974] [main/WARN] [mixin/]: Error loading class: com/cobblemon/mod/common/util/PlayerExtensionsKt (java.lang.ClassNotFoundException: com.cobblemon.mod.common.util.PlayerExtensionsKt)
[10Apr2025 09:47:32.978] [main/WARN] [mixin/]: Error loading class: com/cobblemon/mod/common/client/render/pokemon/PokemonRenderer (java.lang.ClassNotFoundException: com.cobblemon.mod.common.client.render.pokemon.PokemonRenderer)
[10Apr2025 09:47:32.985] [main/WARN] [mixin/]: Error loading class: yesman/epicfight/client/events/engine/RenderEngine (java.lang.ClassNotFoundException: yesman.epicfight.client.events.engine.RenderEngine)
[10Apr2025 09:47:32.992] [main/WARN] [mixin/]: Error loading class: mcjty/theoneprobe/rendering/OverlayRenderer (java.lang.ClassNotFoundException: mcjty.theoneprobe.rendering.OverlayRenderer)
[10Apr2025 09:47:32.997] [main/WARN] [mixin/]: Error loading class: net/tslat/tes/core/hud/TESHud (java.lang.ClassNotFoundException: net.tslat.tes.core.hud.TESHud)
[10Apr2025 09:47:33.195] [main/INFO] [com.cupboard.Cupboard/]: Loaded config for: structureessentials.json
[10Apr2025 09:47:33.375] [main/WARN] [mixin/]: Error loading class: me/jellysquid/mods/lithium/common/ai/pathing/PathNodeDefaults (java.lang.ClassNotFoundException: me.jellysquid.mods.lithium.common.ai.pathing.PathNodeDefaults)
[10Apr2025 09:47:33.463] [main/INFO] [net.minecraftforge.coremod.CoreMod.apotheosis/COREMODLOG]: Replaced 2 calls to Enchantment#getMaxLevel() in net/minecraft/world/item/CreativeModeTabs
[10Apr2025 09:47:33.566] [main/WARN] [mixin/]: Error loading class: org/figuramc/figura/lua/api/HostAPI (java.lang.ClassNotFoundException: org.figuramc.figura.lua.api.HostAPI)
[10Apr2025 09:47:33.567] [main/WARN] [mixin/]: @Mixin target org.figuramc.figura.lua.api.HostAPI was not found estrogen-common.mixins.json:mixincompat.figura.HostAPIMixin from mod estrogen
[10Apr2025 09:47:33.576] [main/WARN] [mixin/]: Error loading class: org/figuramc/figura/lua/api/entity/ViewerAPI (java.lang.ClassNotFoundException: org.figuramc.figura.lua.api.entity.ViiewerAPI)
[10Apr2025 09:47:33.576] [main/WARN] [mixin/]: @Mixin target org.figuramc.figura.lua.api.entity.ViewerAPI was not found estrogen-common.mixins.json:mixincompat.figura.ViewerAPIMixin from mod estrogen
[10Apr2025 09:47:33.678] [main/WARN] [mixin/]: Error loading class: vazkii/quark/addons/oddities/inventory/BackpackMenu (java.lang.ClassNotFoundException: vazkii.quark.addons.oddities.inventory.BackpackMenu)
[10Apr2025 09:47:33.770] [main/WARN] [mixin/]: Error loading class: mekanism/client/render/entity/RenderFlame (java.lang.ClassNotFoundException: mekanism.client.render.entity.RenderFlame)
[10Apr2025 09:47:33.775] [main/WARN] [mixin/]: Error loading class: mekanism/client/render/armor/MekaSuitArmor (java.lang.ClassNotFoundException: mekanism.client.render.armor.MekaSuitArmor)
[10Apr2025 09:47:33.837] [main/INFO] [net.minecraftforge.coremod.CoreMod.apotheosis/COREMODLOG]: Patching FishingHook#catchingFish
[10Apr2025 09:47:33.873] [main/WARN] [mixin/]: Error loading class: vazkii/neat/HealthBarRenderer (java.lang.ClassNotFoundException: vazkii.neat.HealthBarRenderer)
[10Apr2025 09:47:33.873] [main/WARN] [mixin/]: @Mixin target vazkii.neat.HealthBarRenderer was not found autoleveling.mixins.json:neat/HealthBarRendererMixin from mod autoleveling
[10Apr2025 09:47:33.918] [main/WARN] [mixin/]: Error loading class: dev/latvian/mods/kubejs/recipe/RecipesEventJS (java.lang.ClassNotFoundException: dev.latvian.mods.kubejs.recipe.RecipesEventJS)
[10Apr2025 09:47:33.919] [main/WARN] [mixin/]: @Mixin target dev.latvian.mods.kubejs.recipe.RecipesEventJS was not found sliceanddice.mixins.json:RecipeEventJSMixin from mod sliceanddice
[10Apr2025 09:47:33.977] [main/WARN] [mixin/]: Error loading class: xfacthd/framedblocks/common/blockentity/doubled/FramedAdjustableDoubleBlockEntity (java.lang.ClassNotFoundException: xfacthd.framedblocks.common.blockentity.doubled.FramedAdjustableDoubleBlockEntity)
[10Apr2025 09:47:33.977] [main/WARN] [mixin/]: @Mixin target xfacthd.framedblocks.common.blockentity.doubled.FramedAdjustableDoubleBlockEntity was not found createbigcannons.mixins.json:compat.FramedAdjustableDoubleBlockEntityAccessor from mod createbigcannons
[10Apr2025 09:47:34.238] [main/INFO] [com.cupboard.Cupboard/]: Loaded config for: recipeessentials.json
[10Apr2025 09:47:34.251] [main/WARN] [mixin/]: Error loading class: com/tiviacz/travelersbackpack/util/BackpackUtils (java.lang.ClassNotFoundException: com.tiviacz.travelersbackpack.util.BackpackUtils)
[10Apr2025 09:47:34.251] [main/WARN] [mixin/]: @Mixin target com.tiviacz.travelersbackpack.util.BackpackUtils was not found soulbound.mixins.json:BackpackUtilsMixin from mod soulbound
[10Apr2025 09:47:34.720] [main/INFO] [net.minecraftforge.coremod.CoreMod.apotheosis/COREMODLOG]: Replaced 1 calls to Enchantment#getMaxLevel() in net/minecraft/world/level/storage/loot/functions/EnchantRandomlyFunction
[10Apr2025 09:47:34.720] [main/INFO] [net.minecraftforge.coremod.CoreMod.apotheosis/COREMODLOG]: Replaced 1 calls to Enchantment#isDiscoverable() in net/minecraft/world/level/storage/loot/functions/EnchantRandomlyFunction
[10Apr2025 09:47:34.875] [main/WARN] [mixin/]: Error loading class: noobanidus/mods/lootr/config/ConfigManager (java.lang.ClassNotFoundException: noobanidus.mods.lootr.config.ConfigManager)
[10Apr2025 09:47:34.875] [main/WARN] [mixin/]: @Mixin target noobanidus.mods.lootr.config.ConfigManager was not found quark_integrations.mixins.json:lootr.ConfigManagerMixin from mod quark
[10Apr2025 09:47:34.978] [main/WARN] [mixin/]: Error loading class: me/shedaniel/rei/RoughlyEnoughItemsCoreClient (java.lang.ClassNotFoundException: me.shedaniel.rei.RoughlyEnoughItemsCoreClient)
[10Apr2025 09:47:34.982] [main/WARN] [mixin/]: Error loading class: com/replaymod/replay/ReplayHandler (java.lang.ClassNotFoundException: com.replaymod.replay.ReplayHandler)
[10Apr2025 09:47:34.995] [main/WARN] [mixin/]: Error loading class: net/optifine/shaders/Shaders (java.lang.ClassNotFoundException: net.optifine.shaders.Shaders)
[10Apr2025 09:47:35.000] [main/WARN] [mixin/]: Error loading class: net/coderbot/iris/pipeline/newshader/ExtendedShader (java.lang.ClassNotFoundException: net.coderbot.iris.pipeline.newshader.ExtendedShader)
[10Apr2025 09:47:35.007] [main/WARN] [mixin/]: Error loading class: me/shedaniel/rei/plugin/client/entry/ItemEntryDefinition$ItemEntryRenderer (java.lang.ClassNotFoundException: me.shedaniel.rei.plugin.client.entry.ItemEntryDefinition$ItemEntryRenderer)
[10Apr2025 09:47:35.022] [main/WARN] [mixin/]: Error loading class: yesman/epicfight/client/renderer/patched/entity/PatchedLivingEntityRenderer (java.lang.ClassNotFoundException: yesman.epicfight.client.renderer.patched.entity.PatchedLivingEntityRenderer)
[10Apr2025 09:47:35.027] [main/WARN] [mixin/]: Error loading class: yesman/epicfight/client/renderer/FirstPersonRenderer (java.lang.ClassNotFoundException: yesman.epicfight.client.renderer.FirstPersonRenderer)
[10Apr2025 09:47:35.032] [main/WARN] [mixin/]: Error loading class: yesman/epicfight/client/renderer/patched/item/RenderShield (java.lang.ClassNotFoundException: yesman.epicfight.client.renderer.patched.item.RenderShield)
[10Apr2025 09:47:35.038] [main/WARN] [mixin/]: Error loading class: com/tacz/guns/client/renderer/other/HumanoidOffhandRender (java.lang.ClassNotFoundException: com.tacz.guns.client.renderer.other.HumanoidOffhandRender)
[10Apr2025 09:47:35.043] [main/WARN] [mixin/]: Error loading class: com/mrcrayfish/backpacked/client/renderer/entity/layers/BackpackLayer (java.lang.ClassNotFoundException: com.mrcrayfish.backpacked.client.renderer.entity.layers.BackpackLayer)
[10Apr2025 09:47:35.048] [main/WARN] [mixin/]: Error loading class: com/tiviacz/travelersbackpack/client/renderer/TravelersBackpackLayer (java.lang.ClassNotFoundException: com.tiviacz.travelersbackpack.client.renderer.TravelersBackpackLayer)
[10Apr2025 09:47:35.057] [main/INFO] [net.minecraftforge.coremod.CoreMod.apotheosis/COREMODLOG]: Replaced 2 calls to Enchantment#getMaxLevel() in net/minecraft/server/commands/EnchantCommand
[10Apr2025 09:47:35.138] [main/WARN] [mixin/]: Error loading class: dan200/computercraft/shared/integration/MoreRedIntegration (java.lang.ClassNotFoundException: dan200.computercraft.shared.integration.MoreRedIntegration)
[10Apr2025 09:47:35.138] [main/WARN] [mixin/]: @Mixin target dan200.computercraft.shared.integration.MoreRedIntegration was not found create_central_kitchen.mixins.json:common.computercraft.MoreRedIntegrationMixin from mod create_central_kitchen
[10Apr2025 09:47:35.187] [main/WARN] [mixin/]: Error loading class: com/sammy/minersdelight/content/block/copper_pot/CopperPotBlockEntity (java.lang.ClassNotFoundException: com.sammy.minersdelight.content.block.copper_pot.CopperPotBlockEntity)
[10Apr2025 09:47:35.187] [main/WARN] [mixin/]: @Mixin target com.sammy.minersdelight.content.block.copper_pot.CopperPotBlockEntity was not found create_central_kitchen.mixins.json:common.minersdelight.CopperPotBlockEntityMixin from mod create_central_kitchen
[10Apr2025 09:47:35.192] [main/WARN] [mixin/]: Error loading class: com/sammy/minersdelight/content/block/sticky_basket/StickyBasketBlockEntity (java.lang.ClassNotFoundException: com.sammy.minersdelight.content.block.sticky_basket.StickyBasketBlockEntity)
[10Apr2025 09:47:35.192] [main/WARN] [mixin/]: @Mixin target com.sammy.minersdelight.content.block.sticky_basket.StickyBasketBlockEntity was not found create_central_kitchen.mixins.json:common.minersdelight.StickyBasketBlockEntityAccessor from mod create_central_kitchen
[10Apr2025 09:47:35.198] [main/WARN] [mixin/]: Error loading class: com/sammy/minersdelight/content/block/sticky_basket/StickyBasketBlockEntity (java.lang.ClassNotFoundException: com.sammy.minersdelight.content.block.sticky_basket.StickyBasketBlockEntity)
[10Apr2025 09:47:35.198] [main/WARN] [mixin/]: @Mixin target com.sammy.minersdelight.content.block.sticky_basket.StickyBasketBlockEntity was not found create_central_kitchen.mixins.json:common.minersdelight.StickyBasketBlockEntityMixin from mod create_central_kitchen
[10Apr2025 09:47:35.204] [main/WARN] [mixin/]: Error loading class: net/orcinus/overweightfarming/blocks/CropFullBlock (java.lang.ClassNotFoundException: net.orcinus.overweightfarming.blocks.CropFullBlock)
[10Apr2025 09:47:35.204] [main/WARN] [mixin/]: @Mixin target net.orcinus.overweightfarming.blocks.CropFullBlock was not found create_central_kitchen.mixins.json:common.overweightfarming.CropFullBlockMixin from mod create_central_kitchen
[10Apr2025 09:47:35.306] [main/INFO] [net.minecraftforge.coremod.CoreMod.attributeslib/COREMODLOG]: Patching EffectRenderingInventoryScreen#renderEffects
[10Apr2025 09:47:35.446] [main/WARN] [Xenon/]: Force-disabling mixin 'features.render.world.sky.WorldRendererMixin' as rule 'mixin.features.render.world.sky' (added by mods [oculus]) disables it and children
[10Apr2025 09:47:35.447] [main/WARN] [Xenon/]: Force-disabling mixin 'features.render.world.sky.ClientWorldMixin' as rule 'mixin.features.render.world.sky' (added by mods [oculus]) disables it and children
[10Apr2025 09:47:35.447] [main/WARN] [Xenon/]: Force-disabling mixin 'features.render.world.sky.BackgroundRendererMixin' as rule 'mixin.features.render.world.sky' (added by mods [oculus]) disables it and children
[10Apr2025 09:47:35.448] [main/WARN] [Xenon/]: Force-disabling mixin 'features.render.gui.font.GlyphRendererMixin' as rule 'mixin.features.render.gui.font' (added by mods [oculus]) disables it and children
[10Apr2025 09:47:35.448] [main/WARN] [Xenon/]: Force-disabling mixin 'features.render.gui.font.FontSetMixin' as rule 'mixin.features.render.gui.font' (added by mods [oculus]) disables it and children
[10Apr2025 09:47:35.449] [main/WARN] [Xenon/]: Force-disabling mixin 'features.render.entity.shadows.EntityRenderDispatcherMixin' as rule 'mixin.features.render.entity' (added by mods [oculus]) disables it and children
[10Apr2025 09:47:35.449] [main/WARN] [Xenon/]: Force-disabling mixin 'features.render.entity.remove_streams.ModelPartMixin' as rule 'mixin.features.render.entity' (added by mods [oculus]) disables it and children
[10Apr2025 09:47:35.449] [main/WARN] [Xenon/]: Force-disabling mixin 'features.render.entity.remove_streams.HierarchicalModelMixin' as rule 'mixin.features.render.entity' (added by mods [oculus]) disables it and children
[10Apr2025 09:47:35.449] [main/WARN] [Xenon/]: Force-disabling mixin 'features.render.entity.fast_render.ModelPartMixin' as rule 'mixin.features.render.entity' (added by mods [oculus]) disables it and children
[10Apr2025 09:47:35.449] [main/WARN] [Xenon/]: Force-disabling mixin 'features.render.entity.fast_render.CuboidMixin' as rule 'mixin.features.render.entity' (added by mods [oculus]) disables it and children
[10Apr2025 09:47:35.449] [main/WARN] [Xenon/]: Force-disabling mixin 'features.render.entity.cull.EntityRendererMixin' as rule 'mixin.features.render.entity' (added by mods [oculus]) disables it and children
[10Apr2025 09:47:35.802] [main/WARN] [mixin/]: Error loading class: net/coderbot/iris/pipeline/newshader/ExtendedShader (java.lang.ClassNotFoundException: net.coderbot.iris.pipeline.newshader.ExtendedShader)
[10Apr2025 09:47:35.810] [main/WARN] [mixin/]: Error loading class: net/coderbot/iris/pipeline/newshader/ExtendedShader (java.lang.ClassNotFoundException: net.coderbot.iris.pipeline.newshader.ExtendedShader)
[10Apr2025 09:47:35.827] [main/WARN] [mixin/]: Error loading class: org/jetbrains/annotations/ApiStatus$Internal (java.lang.ClassNotFoundException: org.jetbrains.annotations.ApiStatus$Internal)
[10Apr2025 09:47:35.871] [main/INFO] [MixinExtras|Service/]: Initializing MixinExtras via com.llamalad7.mixinextras.service.MixinExtrasServiceImpl(version=0.4.1).
[10Apr2025 09:47:36.289] [main/INFO] [mixin/]: Mixing client.MixinMinecraft from mixins/common/nochatreports.mixins.json into net.minecraft.client.Minecraft
[10Apr2025 09:47:39.580] [main/INFO] [mixin/]: Mixing client.MixinTitleScreen from mixins/common/nochatreports.mixins.json into net.minecraft.client.gui.screens.TitleScreen
[10Apr2025 09:47:40.332] [main/INFO] [mixin/]: Mixing client.MixinChatScreen from mixins/common/nochatreports.mixins.json into net.minecraft.client.gui.screens.ChatScreen
[10Apr2025 09:47:40.333] [main/INFO] [mixin/]: Renaming synthetic method lambda$onInit$4()Lnet/minecraft/network/chat/Component; to md189dce$nochatreports$lambda$onInit$4$0 in mixins/common/nochatreports.mixins.json:client.MixinChatScreen from mod nochatreports
[10Apr2025 09:47:40.333] [main/INFO] [mixin/]: Renaming synthetic method lambda$onInit$3(Lnet/minecraft/client/gui/components/Button;)V to md189dce$nochatreports$lambda$onInit$3$1 in mixins/common/nochatreports.mixins.json:client.MixinChatScreen from mod nochatreports
[10Apr2025 09:47:40.334] [main/INFO] [mixin/]: Renaming synthetic method lambda$onInit$2()Lnet/minecraft/network/chat/Component; to md189dce$nochatreports$lambda$onInit$2$2 in mixins/common/nochatreports.mixins.json:client.MixinChatScreen from mod nochatreports
[10Apr2025 09:47:40.334] [main/INFO] [mixin/]: Renaming synthetic method lambda$onInit$1(Lnet/minecraft/client/gui/components/Button;)V to md189dce$nochatreports$lambda$onInit$1$3 in mixins/common/nochatreports.mixins.json:client.MixinChatScreen from mod nochatreports
[10Apr2025 09:47:40.334] [main/INFO] [mixin/]: Renaming synthetic method lambda$onBeforeMessage$0(Ljava/lang/String;Lorg/spongepowered/asm/mixin/injection/callback/CallbackInfoReturnable;Lcom/aizistral/nochatreports/common/encryption/Encryptor;)V to md189dce$nochatreports$lambda$onBeforeMessage$0$4 in mixins/common/nochatreports.mixins.json:client.MixinChatScreen from mod nochatreports
[10Apr2025 09:47:40.482] [main/WARN] [mixin/]: Method overwrite conflict for m_7379_ in highlighter.mixins.json:InventoryScreenMixin from mod highlighter, previously written by com.seniors.justlevelingfork.mixin.MixInventoryScreen. Skipping method.
[10Apr2025 09:47:40.492] [main/INFO] [net.minecraftforge.coremod.CoreMod.attributeslib/COREMODLOG]: Patching EffectRenderingInventoryScreen#renderEffects
[10Apr2025 09:47:40.566] [main/INFO] [mixin/]: BeforeConstant is searching for constants in method with descriptor (Lnet/minecraft/network/chat/Component;Z)V
[10Apr2025 09:47:40.567] [main/INFO] [mixin/]:   BeforeConstant found INTEGER constant: value = 0, intValue = null
[10Apr2025 09:47:40.567] [main/INFO] [mixin/]:     BeforeConstant found a matching constant TYPE at ordinal 0
[10Apr2025 09:47:40.567] [main/INFO] [mixin/]:       BeforeConstant found Insn [ICONST_0] 
[10Apr2025 09:47:40.567] [main/INFO] [mixin/]:   BeforeConstant found INTEGER constant: value = 60, intValue = null
[10Apr2025 09:47:40.567] [main/INFO] [mixin/]:     BeforeConstant found a matching constant TYPE at ordinal 1
[10Apr2025 09:47:40.567] [main/INFO] [mixin/]:       BeforeConstant found IntInsn 60
[10Apr2025 09:47:40.695] [pool-4-thread-1/INFO] [net.minecraft.server.Bootstrap/]: ModernFix reached bootstrap stage (28.26 s after launch)
[10Apr2025 09:47:40.802] [pool-4-thread-1/INFO] [mixin/]: Mixing common.MixinFriendlyByteBuf from mixins/common/nochatreports.mixins.json into net.minecraft.network.FriendlyByteBuf
[10Apr2025 09:47:40.802] [pool-4-thread-1/INFO] [mixin/]: Renaming synthetic method lambda$onWriteJsonWithCodec$1(Ljava/lang/Object;Ljava/lang/String;)Lio/netty/handler/codec/EncoderException; to md189dce$nochatreports$lambda$onWriteJsonWithCodec$1$0 in mixins/common/nochatreports.mixins.json:common.MixinFriendlyByteBuf from mod nochatreports
[10Apr2025 09:47:40.802] [pool-4-thread-1/INFO] [mixin/]: Renaming synthetic method lambda$onReadJsonWithCodec$0(Ljava/lang/String;)Lio/netty/handler/codec/DecoderException; to md189dce$nochatreports$lambda$onReadJsonWithCodec$0$1 in mixins/common/nochatreports.mixins.json:common.MixinFriendlyByteBuf from mod nochatreports
[10Apr2025 09:47:40.851] [pool-4-thread-1/WARN] [mixin/]: @Final field delegatesByName:Ljava/util/Map; in modernfix-forge.mixins.json:perf.forge_registry_alloc.ForgeRegistryMixin from mod modernfix should be final
[10Apr2025 09:47:40.851] [pool-4-thread-1/WARN] [mixin/]: @Final field delegatesByValue:Ljava/util/Map; in modernfix-forge.mixins.json:perf.forge_registry_alloc.ForgeRegistryMixin from mod modernfix should be final
[10Apr2025 09:47:41.402] [pool-4-thread-1/INFO] [net.minecraftforge.coremod.CoreMod.apotheosis/COREMODLOG]: Replaced 2 calls to Enchantment#getMaxLevel() in net/minecraft/world/item/CreativeModeTabs
[10Apr2025 09:47:41.581] [pool-4-thread-1/INFO] [com.cupboard.Cupboard/]: Loaded config for: biomemusic.json
[10Apr2025 09:47:41.700] [pool-4-thread-1/INFO] [net.minecraftforge.coremod.CoreMod.apotheosis/COREMODLOG]: Replaced 1 calls to Enchantment#getMaxLevel() in org/violetmoon/quark/content/experimental/module/GameNerfsModule
[10Apr2025 09:47:42.246] [pool-4-thread-1/INFO] [net.minecraft.server.Bootstrap/]: Vanilla bootstrap took 1548 milliseconds
[10Apr2025 09:47:42.735] [pool-4-thread-1/INFO] [net.minecraftforge.coremod.CoreMod.apotheosis/COREMODLOG]: Replaced 5 calls to Enchantment#getMaxLevel() in org/violetmoon/quark/content/tools/module/AncientTomesModule
[10Apr2025 09:47:42.764] [pool-4-thread-1/WARN] [mixin/]: @Redirect conflict. Skipping recipeessentials.mixins.json:nbt.ItemStackMixin from mod recipeessentials->@Redirect::onTagCompare(Ljava/lang/Object;Ljava/lang/Object;)Z with priority 200, already redirected by geckolib.mixins.json:common.ItemStackMixin from mod geckolib->@Redirect::geckolib$skipGeckolibIdOnCompare(Ljava/lang/Object;Ljava/lang/Object;)Z with priority 1000
[10Apr2025 09:47:42.774] [pool-4-thread-1/INFO] [net.minecraftforge.coremod.CoreMod.placebo/COREMODLOG]: Patching IForgeItemStack#getEnchantmentLevel
[10Apr2025 09:47:42.774] [pool-4-thread-1/INFO] [net.minecraftforge.coremod.CoreMod.placebo/COREMODLOG]: Patching IForgeItemStack#getEnchantmentLevel
[10Apr2025 09:47:43.021] [pool-4-thread-1/INFO] [net.minecraftforge.coremod.CoreMod.apotheosis/COREMODLOG]: Replaced 2 calls to Enchantment#getMaxLevel() in net/minecraft/world/inventory/AnvilMenu
[10Apr2025 09:47:43.558] [pool-4-thread-1/WARN] [mixin/]: Method overwrite conflict for m_6832_ in bettertridents.common.mixins.json:TridentItemMixin from mod bettertridents, previously written by com.teamabnormals.upgrade_aquatic.core.mixin.TridentItemMixin. Skipping method.
[10Apr2025 09:47:44.087] [pool-4-thread-1/INFO] [mixin/]: savage_and_ravage.mixins.json:RaiderAccessor from mod savage_and_ravage->@Accessor[FIELD_GETTER]::getIsCelebrating()Lnet/minecraft/network/syncher/EntityDataAccessor; should be static as its target is
[10Apr2025 09:47:44.454] [pool-4-thread-1/WARN] [mixin/]: Method overwrite conflict for scheduleRandomTick in ohthetreesyoullgrow.mixins.json:chunk.MixinChunkAccess from mod ohthetreesyoullgrow, previously written by corgitaco.corgilib.mixin.chunk.MixinChunkAccess. Skipping method.
[10Apr2025 09:47:44.454] [pool-4-thread-1/WARN] [mixin/]: Method overwrite conflict for getScheduledRandomTicks in ohthetreesyoullgrow.mixins.json:chunk.MixinChunkAccess from mod ohthetreesyoullgrow, previously written by corgitaco.corgilib.mixin.chunk.MixinChunkAccess. Skipping method.
[10Apr2025 09:47:44.603] [pool-4-thread-1/INFO] [net.minecraftforge.coremod.CoreMod.apotheosis/COREMODLOG]: Patching FishingHook#catchingFish
[10Apr2025 09:47:44.666] [pool-4-thread-1/INFO] [mixin/]: Mixing server.MixinServerGamePacketListenerImpl from mixins/common/nochatreports.mixiins.json into net.minecraft.server.network.ServerGamePacketListenerImpl
[10Apr2025 09:47:45.119] [pool-4-thread-1/INFO] [net.minecraftforge.coremod.CoreMod.apotheosis/COREMODLOG]: Replaced 1 calls to Enchantment#getMaxLevel() in net/minecraft/world/level/storage/loot/functions/EnchantRandomlyFunction
[10Apr2025 09:47:45.119] [pool-4-thread-1/INFO] [net.minecraftforge.coremod.CoreMod.apotheosis/COREMODLOG]: Replaced 1 calls to Enchantment#isDiscoverable() in net/minecraft/world/level/storage/loot/functions/EnchantRandomlyFunction
[10Apr2025 09:47:45.654] [pool-4-thread-1/WARN] [mixin/]: Mixin alexscaves.mixins.json:SwampHutPieceMixin from mod alexscaves has multiple constructors, (Lnet/minecraft/world/level/levelgen/structure/pieces/StructurePieceType;IIIIIILnet/minecraft/core/Direction;)V was selected

[10Apr2025 09:47:45.834] [pool-4-thread-1/WARN] [mixin/]: Static binding violation: PRIVATE @Overwrite method m_47505_ in modernfix-common.mixins.json:perf.remove_biome_temperature_cache.BiomeMixin from mod modernfix cannot reduce visibiliy of PUBLIC target method, visibility will be upgraded.
[10Apr2025 09:47:46.626] [Render thread/WARN] [net.minecraft.server.packs.VanillaPackResourcesBuilder/]: Assets URL 'union:/home/arts/.local/share/PrismLauncher/libraries/net/minecraft/client/1.20.1-20230612.114412/client-1.20.1-20230612.114412-srg.jar%23727!/assets/.mcassetsroot' uses unexpected schema
[10Apr2025 09:47:46.627] [Render thread/WARN] [net.minecraft.server.packs.VanillaPackResourcesBuilder/]: Assets URL 'union:/home/arts/.local/share/PrismLauncher/libraries/net/minecraft/client/1.20.1-20230612.114412/client-1.20.1-20230612.114412-srg.jar%23727!/data/.mcassetsroot' uses unexpected schema
[10Apr2025 09:47:46.659] [Render thread/INFO] [com.mojang.authlib.yggdrasil.YggdrasilAuthenticationService/]: Environment: authHost='https://authserver.mojang.com', accountsHost='https://api.mojang.com', sessionHost='https://sessionserver.mojang.com', servicesHost='https://api.minecraftservices.com', name='PROD'
[10Apr2025 09:47:46.669] [Render thread/INFO] [mixin/]: Mixing client.MixinYggdrasilUserApiService from mixins/common/nochatreports.mixins.json into com.mojang.authlib.yggdrasil.YggdrasilUserApiService
[10Apr2025 09:47:47.158] [Render thread/INFO] [net.minecraft.client.Minecraft/]: Setting user: Art_of_Arts
[10Apr2025 09:47:47.270] [Render thread/INFO] [ModernFix/]: Bypassed Mojang DFU
[10Apr2025 09:47:47.271] [Render thread/INFO] [mixin/]: Mixing client.MixinToastComponent from mixins/common/nochatreports.mixins.json into net.minecraft.client.gui.components.toasts.ToastComponent
[10Apr2025 09:47:47.526] [Render thread/INFO] [org.betterx.worlds.together.util.Logger/]: [bclib] Added Config betterend.entities to auto sync (file hash)
[10Apr2025 09:47:47.527] [Render thread/INFO] [org.betterx.worlds.together.util.Logger/]: [bclib] Added Config betterend.blocks to auto sync (file hash)
[10Apr2025 09:47:47.528] [Render thread/INFO] [org.betterx.worlds.together.util.Logger/]: [bclib] Added Config betterend.items to auto sync (file hash)
[10Apr2025 09:47:47.530] [Render thread/INFO] [org.betterx.worlds.together.util.Logger/]: [bclib] Added Config betterend.biomes to auto sync (file hash)
[10Apr2025 09:47:47.530] [Render thread/INFO] [org.betterx.worlds.together.util.Logger/]: [bclib] Added Config betterend.recipes to auto sync (file hash)
[10Apr2025 09:47:47.531] [Render thread/INFO] [org.betterx.worlds.together.util.Logger/]: [bclib] Added Config betterend.enchantments to auto sync (file hash)
[10Apr2025 09:47:47.550] [Render thread/WARN] [mixin/]: Static binding violation: PRIVATE @Overwrite method m_215924_ in modernfix-forge.mixins.json:perf.tag_id_caching.TagEntryMixin from mod modernfix cannot reduce visibiliy of PUBLIC target method, visibility will be upgraded.
[10Apr2025 09:47:47.669] [Render thread/INFO] [org.betterx.worlds.together.util.Logger/]: [bclib] Added Config bclib.generator to auto sync (file hash)
[10Apr2025 09:47:47.670] [Render thread/INFO] [org.betterx.worlds.together.util.Logger/]: [bclib] Added Config bclib.main to auto sync (content diff)
[10Apr2025 09:47:47.677] [Render thread/INFO] [org.betterx.worlds.together.util.Logger/]: [bclib] Added Config bclib.biomes to auto sync (file hash)
[10Apr2025 09:47:47.976] [Render thread/INFO] [mixin/]: Mixing client.MixinChatListener from mixins/common/nochatreports.mixins.json into net.minecraft.client.multiplayer.chat.ChatListener
[10Apr2025 09:47:48.056] [Render thread/INFO] [mixin/]: Mixing client.MixinClientPacketListener from mixins/common/nochatreports.mixins.json into net.minecraft.client.multiplayer.ClientPacketListener
[10Apr2025 09:47:48.057] [Render thread/INFO] [mixin/]: Mixing client.MixinClientPacketListener from mixins/forge/nochatreports-forge.mixins.json into net.minecraft.client.multiplayer.ClientPacketListener
[10Apr2025 09:47:48.089] [Render thread/WARN] [mixin/]: @Inject(@At("INVOKE")) Shift.BY=5 on attributeslib.mixins.json:client.ClientPacketListenerMixin from mod attributeslib::handler$zld000$attributeslib$apoth_postAttrChangedEvent exceeds the maximum allowed value: 0. Increase the value of maxShiftBy to suppress this warning.
[10Apr2025 09:47:48.112] [Render thread/INFO] [mixin/]: Mixing client.MixinServerData from mixins/common/nochatreports.mixins.json into net.minecraft.client.multiplayer.ServerData
[10Apr2025 09:47:48.138] [Render thread/INFO] [mixin/]: Mixing client.MixinOptions from mixins/common/nochatreports.mixins.json into net.minecraft.client.Options
[10Apr2025 09:47:48.138] [Render thread/INFO] [mixin/]: Renaming synthetic method lambda$onlyShowSecureChat$0(Ljava/lang/Boolean;)V to md189dce$nochatreports$lambda$onlyShowSecureChat$0$0 in mixins/common/nochatreports.mixins.json:client.MixinOptions from mod nochatreports
[10Apr2025 09:47:48.340] [Render thread/INFO] [mixin/]: Mixing client.MixinClientConnection from mixins/forge/nochatreports-forge.mixins.json into net.minecraft.network.Connection
