2025-05-17 15:50:59.056 [warning] [vscode-clangd]: Couldn't find message for key showAST.
2025-05-17 15:50:59.135 [warning] [vscode-clangd]: Couldn't find message for key showAST.
2025-05-17 15:50:59.148 [warning] [vscode-clangd]: Couldn't find message for key showAST.
2025-05-17 15:50:59.151 [info] ComputeTargetPlatform: linux-x64
2025-05-17 15:50:59.158 [warning] [vscode-clangd]: Couldn't find message for key showAST.
2025-05-17 15:50:59.294 [warning] [vscode-clangd]: Couldn't find message for key showAST.
2025-05-17 15:50:59.367 [warning] [vscode-clangd]: Couldn't find message for key showAST.
2025-05-17 15:50:59.819 [warning] [vscode-clangd]: Couldn't find message for key showAST.
2025-05-17 15:51:00.043 [info] ComputeTargetPlatform: linux-x64
2025-05-17 15:51:00.246 [warning] [vscode-clangd]: Couldn't find message for key showAST.
2025-05-17 15:51:01.789 [warning] [vscode-clangd]: Couldn't find message for key showAST.
2025-05-17 15:51:02.094 [info] Getting Manifest... vscodevim.vim
2025-05-17 15:51:03.339 [info] Installing extension: vscodevim.vim {"productVersion":{"version":"1.100.1","date":"2025-05-14T17:56:19.805Z"},"pinned":false,"operation":3,"isApplicationScoped":false,"profileLocation":{"$mid":1,"external":"vscode-userdata:/home/arts/.vscode-oss/extensions/extensions.json","path":"/home/arts/.vscode-oss/extensions/extensions.json","scheme":"vscode-userdata"}}
2025-05-17 15:51:03.356 [warning] [vscode-clangd]: Couldn't find message for key showAST.
2025-05-17 15:51:03.377 [warning] [vscode-clangd]: Couldn't find message for key showAST.
2025-05-17 15:51:04.546 [error] Could not load vsce-sign module Cannot find package '@vscode/vsce-sign' imported from /usr/lib/code/out/vs/code/electron-utility/sharedProcess/sharedProcessMain.js
2025-05-17 15:51:04.546 [info] Extension signature verification is not done: vscodevim.vim
2025-05-17 15:51:04.550 [error] Error while installing the extension vscodevim.vim Signature verification was not executed. vscode-userdata:/home/arts/.vscode-oss/extensions/extensions.json
2025-05-17 15:51:04.554 [error] [uncaught exception in sharedProcess]: Signature verification was not executed.: SignatureVerificationInternal: Signature verification was not executed.
    at yh.xb (file:///usr/lib/code/out/vs/code/electron-utility/sharedProcess/sharedProcessMain.js:74:63971)
    at async yh.wb (file:///usr/lib/code/out/vs/code/electron-utility/sharedProcess/sharedProcessMain.js:74:62886)
