2025-05-11 19:21:33.814 [info] Extension host with pid 60026 started
2025-05-11 19:21:33.917 [info] ExtensionService#_doActivateExtension vscode.emmet, startup: false, activationEvent: 'onLanguage'
2025-05-11 19:21:33.957 [info] ExtensionService#_doActivateExtension vscode.git-base, startup: true, activationEvent: '*'
2025-05-11 19:21:33.977 [info] ExtensionService#_doActivateExtension vscode.github, startup: true, activationEvent: '*'
2025-05-11 19:21:34.011 [info] Eager extensions activated
2025-05-11 19:21:34.017 [info] ExtensionService#_doActivateExtension vscode.configuration-editing, startup: false, activationEvent: 'onLanguage:jsonc'
2025-05-11 19:21:34.027 [info] ExtensionService#_doActivateExtension vscode.json-language-features, startup: false, activationEvent: 'onLanguage:jsonc'
2025-05-11 19:21:34.113 [info] ExtensionService#_doActivateExtension vscode.typescript-language-features, startup: false, activationEvent: 'onLanguage:jsonc'
2025-05-11 19:21:34.208 [info] ExtensionService#_doActivateExtension vscode.debug-auto-launch, startup: false, activationEvent: 'onStartupFinished'
2025-05-11 19:21:34.217 [info] ExtensionService#_doActivateExtension vscode.merge-conflict, startup: false, activationEvent: 'onStartupFinished'
2025-05-11 19:21:34.243 [info] ExtensionService#_doActivateExtension vscodevim.vim, startup: false, activationEvent: 'onStartupFinished'
2025-05-12 00:10:12.386 [warning] TextEditor is closed/disposed
2025-05-12 00:10:12.386 [warning] TextEditor is closed/disposed
2025-05-12 00:10:12.396 [warning] ExtHostTextEditorOptions 'setCursorStyle' failed:'
2025-05-12 00:10:12.396 [warning] Illegal argument: TextEditor(vs.editor.ICodeEditor:2,$model3)
2025-05-12 00:10:13.448 [info] Extension host terminating: renderer closed the MessagePort
2025-05-12 00:10:13.501 [error] Error: Channel has been closed
	at s (file:///usr/lib/code/out/vs/workbench/api/node/extensionHostProcess.js:117:2431)
	at Object.appendLine (file:///usr/lib/code/out/vs/workbench/api/node/extensionHostProcess.js:117:2570)
	at R.logOutputMessage (/usr/lib/code/extensions/json-language-features/client/dist/node/jsonClientMain.js:2:290791)
	at R.info (/usr/lib/code/extensions/json-language-features/client/dist/node/jsonClientMain.js:2:290524)
	at ChildProcess.<anonymous> (/usr/lib/code/extensions/json-language-features/client/dist/node/jsonClientMain.js:2:514797)
	at ChildProcess.emit (node:events:524:28)
	at ChildProcess._handle.onexit (node:internal/child_process:293:12)
2025-05-12 00:10:13.501 [info] Extension host with pid 60026 exiting with code 0
