2025-04-28 21:39:09.312 [info] Started local extension host with pid 1740540.
2025-04-28 21:39:09.553 [warning] [vscode-clangd]: Couldn't find message for key showAST.
2025-04-28 21:39:09.716 [error] Extension 'ms-python.debugpy CANNOT USE these API proposals 'portsAttributes, debugVisualization, contribViewsWelcome'. You MUST start in extension development mode or use the --enable-proposed-api command line flag
2025-04-28 21:39:09.717 [error] Extension 'ms-python.python CANNOT USE these API proposals 'contribEditorContentMenu, quickPickSortByLabel, testObserver, quickPickItemTooltip, terminalDataWriteEvent, terminalExecuteCommandEvent, codeActionAI, notebookReplDocument, notebookVariableProvider'. You MUST start in extension development mode or use the --enable-proposed-api command line flag
2025-04-28 21:39:09.739 [error] [ms-python.python]: editor/content is a proposed menu identifier. It requires 'package.json#enabledApiProposals: ["contribEditorContentMenu"]' and is only available when running out of dev or with the following command line switch: --enable-proposed-api ms-python.python
2025-04-28 21:39:10.080 [error] ENOENT: no such file or directory, access '/home/arts/.vscode-oss/extensions/ms-python.debugpy-2025.6.0-linux-x64': Error: ENOENT: no such file or directory, access '/home/arts/.vscode-oss/extensions/ms-python.debugpy-2025.6.0-linux-x64'
    at async Object.access (node:internal/original-fs/promises:606:10)
    at async y6 (file:///usr/lib/code/out/vs/workbench/api/node/extensionHostProcess.js:28:93478)
    at async vV.cb (file:///usr/lib/code/out/vs/workbench/api/node/extensionHostProcess.js:115:11164)
    at async file:///usr/lib/code/out/vs/workbench/api/node/extensionHostProcess.js:115:11458
    at async Promise.all (index 94)
    at async vV.db (file:///usr/lib/code/out/vs/workbench/api/node/extensionHostProcess.js:115:11401)
    at async installFullHandler (file:///usr/lib/code/out/vs/workbench/api/node/extensionHostProcess.js:115:25372)
2025-04-28 21:39:10.090 [error] ENOENT: no such file or directory, access '/home/arts/.vscode-oss/extensions/ms-python.python-2025.4.0-universal': Error: ENOENT: no such file or directory, access '/home/arts/.vscode-oss/extensions/ms-python.python-2025.4.0-universal'
    at async Object.access (node:internal/original-fs/promises:606:10)
    at async y6 (file:///usr/lib/code/out/vs/workbench/api/node/extensionHostProcess.js:28:93478)
    at async vV.cb (file:///usr/lib/code/out/vs/workbench/api/node/extensionHostProcess.js:115:11164)
    at async file:///usr/lib/code/out/vs/workbench/api/node/extensionHostProcess.js:115:11458
    at async Promise.all (index 95)
2025-04-28 21:39:11.023 [error] ENOENT: no such file or directory, access '/home/arts/.vscode-oss/extensions/ms-python.debugpy-2025.6.0-linux-x64': Error: ENOENT: no such file or directory, access '/home/arts/.vscode-oss/extensions/ms-python.debugpy-2025.6.0-linux-x64'
    at async Object.access (node:internal/original-fs/promises:606:10)
    at async y6 (file:///usr/lib/code/out/vs/workbench/api/node/extensionHostProcess.js:28:93478)
    at async vV.cb (file:///usr/lib/code/out/vs/workbench/api/node/extensionHostProcess.js:115:11164)
    at async file:///usr/lib/code/out/vs/workbench/api/node/extensionHostProcess.js:115:11458
    at async Promise.all (index 94)
    at async vV.db (file:///usr/lib/code/out/vs/workbench/api/node/extensionHostProcess.js:115:11401)
    at async installFullHandler (file:///usr/lib/code/out/vs/workbench/api/node/extensionHostProcess.js:115:25372)
2025-04-28 21:39:12.112 [info] [perf] Render performance baseline is 43ms
2025-04-28 21:39:12.391 [info] Auto updating outdated extensions. redhat.vscode-yaml
2025-04-28 21:39:13.394 [info] Auto updating extension redhat.vscode-yaml
