2025-05-18 21:33:12.4415 [INFO ] VRCX.Program         - VRCX (Linux) 2025.03.01 Starting... 
2025-05-18 21:33:12.5792 [INFO ] VRCX.Program         - Args: ["--ozone-platform-hint=auto"] 
2025-05-18 21:33:12.5834 [INFO ] VRCX.AppApiElectron  - Using steam library path /home/arts/.local/share/Steam 
2025-05-18 21:33:13.3213 [INFO ] VRCX.Update          - AppImagePath: /home/arts/Applications/VRCX.AppImage 
2025-05-18 21:33:25.0448 [ERROR] VRCX.AppApiElectron  - Key not found: Screenmanager 
2025-05-18 21:33:25.0448 [ERROR] VRCX.AppApiElectron  - Key not found: Screenmanager 
2025-05-18 21:33:25.0448 [ERROR] VRCX.AppApiElectron  - Key not found: Screenmanager 
2025-05-18 21:33:25.0448 [ERROR] VRCX.AppApiElectron  - Key not found: Screenmanager 
2025-05-18 21:33:25.0448 [ERROR] VRCX.AppApiElectron  - Key not found: Screenmanager 
2025-05-18 21:33:25.0448 [ERROR] VRCX.AppApiElectron  - Key not found: Screenmanager 
2025-05-18 21:33:25.0478 [ERROR] VRCX.AppApiElectron  - Key not found: Screenmanager 
2025-05-18 21:33:25.0478 [ERROR] VRCX.AppApiElectron  - Key not found: Screenmanager 
2025-05-18 21:33:25.0478 [ERROR] VRCX.AppApiElectron  - Key not found: Screenmanager 
2025-05-18 21:33:25.0478 [ERROR] VRCX.AppApiElectron  - Key not found: Screenmanager 
2025-05-18 21:33:25.0478 [ERROR] VRCX.AppApiElectron  - Key not found: Screenmanager 
2025-05-18 21:33:25.0511 [ERROR] VRCX.AppApiElectron  - Key not found: Screenmanager 
2025-05-18 21:33:25.0511 [ERROR] VRCX.AppApiElectron  - Key not found: Screenmanager 
2025-05-18 21:33:25.0614 [ERROR] VRCX.AppApiElectron  - Error parsing REG_DWORD: Specified argument was out of the range of valid values. (Parameter 'Index was out of range. Must be non-negative and less than the size of the collection.') 
2025-05-18 21:33:25.0686 [ERROR] VRCX.AppApiElectron  - Error parsing REG_DWORD: Specified argument was out of the range of valid values. (Parameter 'Index was out of range. Must be non-negative and less than the size of the collection.') 
2025-05-18 21:33:25.0716 [ERROR] VRCX.AppApiElectron  - Error parsing REG_DWORD: Specified argument was out of the range of valid values. (Parameter 'Index was out of range. Must be non-negative and less than the size of the collection.') 
2025-05-18 21:33:25.9627 [INFO ] VRCX.LogWatcher      - SetDateTill: 18/05/2025 21:33:25 
2025-05-18 21:35:44.2442 [INFO ] VRCX.Update          - Checking hash 
2025-05-18 21:35:45.3798 [INFO ] VRCX.Update          - Hash check passed 
