2025-05-17 15:46:46.355 [warning] [vscode-clangd]: Couldn't find message for key showAST.
2025-05-17 15:46:46.449 [warning] [vscode-clangd]: Couldn't find message for key showAST.
2025-05-17 15:46:46.468 [warning] [vscode-clangd]: Couldn't find message for key showAST.
2025-05-17 15:46:46.476 [info] ComputeTargetPlatform: linux-x64
2025-05-17 15:46:46.482 [warning] [vscode-clangd]: Couldn't find message for key showAST.
2025-05-17 15:46:46.610 [warning] [vscode-clangd]: Couldn't find message for key showAST.
2025-05-17 15:46:47.096 [warning] [vscode-clangd]: Couldn't find message for key showAST.
2025-05-17 15:46:47.254 [warning] [vscode-clangd]: Couldn't find message for key showAST.
2025-05-17 15:46:47.742 [info] ComputeTargetPlatform: linux-x64
2025-05-17 15:46:49.105 [warning] [vscode-clangd]: Couldn't find message for key showAST.
2025-05-17 15:46:50.155 [info] Getting Manifest... vscodevim.vim
2025-05-17 15:46:51.411 [info] Installing extension: vscodevim.vim {"productVersion":{"version":"1.100.1","date":"2025-05-14T17:56:19.805Z"},"pinned":false,"operation":3,"isApplicationScoped":false,"profileLocation":{"$mid":1,"external":"vscode-userdata:/home/arts/.vscode-oss/extensions/extensions.json","path":"/home/arts/.vscode-oss/extensions/extensions.json","scheme":"vscode-userdata"}}
2025-05-17 15:46:51.459 [warning] [vscode-clangd]: Couldn't find message for key showAST.
2025-05-17 15:46:51.476 [warning] [vscode-clangd]: Couldn't find message for key showAST.
2025-05-17 15:46:52.531 [error] Could not load vsce-sign module Cannot find package '@vscode/vsce-sign' imported from /usr/lib/code/out/vs/code/electron-utility/sharedProcess/sharedProcessMain.js
2025-05-17 15:46:52.532 [info] Extension signature verification is not done: vscodevim.vim
2025-05-17 15:46:52.536 [error] Error while installing the extension vscodevim.vim Signature verification was not executed. vscode-userdata:/home/arts/.vscode-oss/extensions/extensions.json
2025-05-17 15:46:52.539 [error] [uncaught exception in sharedProcess]: Signature verification was not executed.: SignatureVerificationInternal: Signature verification was not executed.
    at yh.xb (file:///usr/lib/code/out/vs/code/electron-utility/sharedProcess/sharedProcessMain.js:74:63971)
    at async yh.wb (file:///usr/lib/code/out/vs/code/electron-utility/sharedProcess/sharedProcessMain.js:74:62886)
